2018-12-07 22:45:29.427235
kt
lg
sk
2018-12-08 22:22:23.301566
kt
lg
sk
2018-12-08 23:09:09.615754
kt
lg
sk
2018-12-09 00:23:54.072977
kt
lg
sk
2018-12-09 05:11:00.491188
kt
error no page Message: unknown error: Element <a href="javascript:void(0)" pageno="...">2</a> is not clickable at point (639, 766). Other element would receive the click: <div class="pageWrap">...</div>
  (Session info: chrome=71.0.3578.80)
  (Driver info: chromedriver=2.44.609551 (5d576e9a44fe4c5b6a07e568f1ebc753f1214634),platform=Linux 4.15.0-42-generic x86_64)
lg
sk
2018-12-09 10:10:22.939973
kt
lg
sk
2018-12-09 22:31:28.716602
kt
lg
sk
-update sk model: LGM-V300S_64GR 2018-09-18 -> 2018-12-10
2018-12-10 15:44:33.916108
kt
lg
sk
