[1543566708.832][INFO]: [65a803b611603b5935fe7665686bdda7] COMMAND InitSession {
   "capabilities": {
      "alwaysMatch": {
         "browserName": "chrome",
         "goog:chromeOptions": {
            "args": [ "--headless", "--no-sandbox", "--disable-dev-shm-usage" ],
            "binary": "/opt/google/chrome/google-chrome",
            "extensions": [  ]
         },
         "platformName": "any"
      },
      "firstMatch": [ {

      } ]
   },
   "desiredCapabilities": {
      "browserName": "chrome",
      "goog:chromeOptions": {
         "args": [ "--headless", "--no-sandbox", "--disable-dev-shm-usage" ],
         "binary": "/opt/google/chrome/google-chrome",
         "extensions": [  ]
      },
      "platform": "ANY",
      "version": ""
   }
}
[1543566708.832][INFO]: Populating Preferences file: {
   "alternate_error_pages": {
      "enabled": false
   },
   "autofill": {
      "enabled": false
   },
   "browser": {
      "check_default_browser": false
   },
   "distribution": {
      "import_bookmarks": false,
      "import_history": false,
      "import_search_engine": false,
      "make_chrome_default_for_user": false,
      "skip_first_run_ui": true
   },
   "dns_prefetching": {
      "enabled": false
   },
   "profile": {
      "content_settings": {
         "pattern_pairs": {
            "https://*,*": {
               "media-stream": {
                  "audio": "Default",
                  "video": "Default"
               }
            }
         }
      },
      "default_content_setting_values": {
         "geolocation": 1
      },
      "default_content_settings": {
         "geolocation": 1,
         "mouselock": 1,
         "notifications": 1,
         "popups": 1,
         "ppapi-broker": 1
      },
      "password_manager_enabled": false
   },
   "safebrowsing": {
      "enabled": false
   },
   "search": {
      "suggest_enabled": false
   },
   "translate": {
      "enabled": false
   }
}
[1543566708.832][INFO]: Populating Local State file: {
   "background_mode": {
      "enabled": false
   },
   "ssl": {
      "rev_checking": {
         "enabled": false
      }
   }
}
[1543566708.833][INFO]: Launching chrome: /opt/google/chrome/google-chrome --disable-background-networking --disable-client-side-phishing-detection --disable-default-apps --disable-dev-shm-usage --disable-hang-monitor --disable-popup-blocking --disable-prompt-on-repost --disable-sync --disable-web-resources --enable-automation --enable-logging --force-fieldtrials=SiteIsolationExtensions/Control --headless --ignore-certificate-errors --load-extension=/tmp/.org.chromium.Chromium.SqOJ6a/internal --log-level=0 --metrics-recording-only --no-first-run --no-sandbox --password-store=basic --remote-debugging-port=0 --test-type=webdriver --use-mock-keychain --user-data-dir=/tmp/.org.chromium.Chromium.BhxMWE data:,
[1130/003148.967067:ERROR:gpu_process_transport_factory.cc(980)] Lost UI shared context.

DevTools listening on ws://127.0.0.1:42575/devtools/browser/b528f579-26af-4793-928c-e263db0e510d
[1543566709.040][DEBUG]: DevTools HTTP Request: http://localhost:42575/json/version
[1543566709.042][DEBUG]: DevTools HTTP Response: {
   "Browser": "HeadlessChrome/70.0.3538.110",
   "Protocol-Version": "1.3",
   "User-Agent": "Mozilla/5.0 (X11; Linux x86_64) AppleWebKit/537.36 (KHTML, like Gecko) HeadlessChrome/70.0.3538.110 Safari/537.36",
   "V8-Version": "7.0.276.40",
   "WebKit-Version": "537.36 (@ca97ba107095b2a88cf04f9135463301e685cbb0)",
   "webSocketDebuggerUrl": "ws://localhost:42575/devtools/browser/b528f579-26af-4793-928c-e263db0e510d"
}

[1543566709.043][DEBUG]: DevTools HTTP Request: http://localhost:42575/json
[1543566709.045][DEBUG]: DevTools HTTP Response: [ {
   "description": "",
   "devtoolsFrontendUrl": "/devtools/inspector.html?ws=localhost:42575/devtools/page/E4EC7491949695C976258DF998624D83",
   "id": "E4EC7491949695C976258DF998624D83",
   "title": "",
   "type": "page",
   "url": "data:,",
   "webSocketDebuggerUrl": "ws://localhost:42575/devtools/page/E4EC7491949695C976258DF998624D83"
} ]

[1543566709.045][DEBUG]: DevTools HTTP Request: http://localhost:42575/json
[1543566709.046][DEBUG]: DevTools HTTP Response: [ {
   "description": "",
   "devtoolsFrontendUrl": "/devtools/inspector.html?ws=localhost:42575/devtools/page/E4EC7491949695C976258DF998624D83",
   "id": "E4EC7491949695C976258DF998624D83",
   "title": "",
   "type": "page",
   "url": "data:,",
   "webSocketDebuggerUrl": "ws://localhost:42575/devtools/page/E4EC7491949695C976258DF998624D83"
} ]

[1543566709.046][INFO]: resolved localhost to ["127.0.0.1"]
[1543566709.047][DEBUG]: DevTools WebSocket Command: Log.enable (id=1) E4EC7491949695C976258DF998624D83 {

}
[1543566709.047][DEBUG]: DevTools WebSocket Command: DOM.getDocument (id=2) E4EC7491949695C976258DF998624D83 {

}
[1543566709.047][DEBUG]: DevTools WebSocket Command: Target.setAutoAttach (id=3) E4EC7491949695C976258DF998624D83 {
   "autoAttach": true,
   "waitForDebuggerOnStart": false
}
[1543566709.047][DEBUG]: DevTools WebSocket Command: Page.enable (id=4) E4EC7491949695C976258DF998624D83 {

}
[1543566709.047][DEBUG]: DevTools WebSocket Command: Page.enable (id=5) E4EC7491949695C976258DF998624D83 {

}
[1543566709.068][DEBUG]: DevTools WebSocket Response: Log.enable (id=1) E4EC7491949695C976258DF998624D83 {

}
[1543566709.068][DEBUG]: DevTools WebSocket Response: DOM.getDocument (id=2) E4EC7491949695C976258DF998624D83 {
   "root": {
      "backendNodeId": 1,
      "baseURL": "about:blank",
      "childNodeCount": 1,
      "children": [ {
         "attributes": [  ],
         "backendNodeId": 2,
         "childNodeCount": 2,
         "children": [ {
            "attributes": [  ],
            "backendNodeId": 3,
            "childNodeCount": 0,
            "localName": "head",
            "nodeId": 3,
            "nodeName": "HEAD",
            "nodeType": 1,
            "nodeValue": "",
            "parentId": 2
         }, {
            "attributes": [  ],
            "backendNodeId": 4,
            "childNodeCount": 0,
            "localName": "body",
            "nodeId": 4,
            "nodeName": "BODY",
            "nodeType": 1,
            "nodeValue": "",
            "parentId": 2
         } ],
         "frameId": "E4EC7491949695C976258DF998624D83",
         "localName": "html",
         "nodeId": 2,
         "nodeName": "HTML",
         "nodeType": 1,
         "nodeValue": "",
         "parentId": 1
      } ],
      "documentURL": "",
      "localName": "",
      "nodeId": 1,
      "nodeName": "#document",
      "nodeType": 9,
      "nodeValue": "",
      "xmlVersion": ""
   }
}
[1543566709.069][DEBUG]: DevTools WebSocket Response: Target.setAutoAttach (id=3) E4EC7491949695C976258DF998624D83 {

}
[1543566709.069][DEBUG]: DevTools WebSocket Response: Page.enable (id=4) E4EC7491949695C976258DF998624D83 {

}
[1543566709.069][DEBUG]: DevTools WebSocket Response: Page.enable (id=5) E4EC7491949695C976258DF998624D83 {

}
[1543566709.069][DEBUG]: DevTools WebSocket Command: Runtime.enable (id=6) E4EC7491949695C976258DF998624D83 {

}
[1543566709.081][DEBUG]: DevTools WebSocket Event: Page.frameNavigated E4EC7491949695C976258DF998624D83 {
   "frame": {
      "id": "E4EC7491949695C976258DF998624D83",
      "loaderId": "EC2A45DFB4CD07FE4FA71E2502C9958F",
      "mimeType": "text/plain",
      "securityOrigin": "://",
      "url": "data:,"
   }
}
[1543566709.081][DEBUG]: DevTools WebSocket Event: DOM.documentUpdated E4EC7491949695C976258DF998624D83 {

}
[1543566709.081][DEBUG]: DevTools WebSocket Command: DOM.getDocument (id=7) E4EC7491949695C976258DF998624D83 {

}
[1543566709.082][DEBUG]: DevTools WebSocket Event: Page.loadEventFired E4EC7491949695C976258DF998624D83 {
   "timestamp": 2313.633547
}
[1543566709.082][DEBUG]: DevTools WebSocket Event: Page.frameStoppedLoading E4EC7491949695C976258DF998624D83 {
   "frameId": "E4EC7491949695C976258DF998624D83"
}
[1543566709.082][DEBUG]: DevTools WebSocket Event: DOM.documentUpdated E4EC7491949695C976258DF998624D83 {

}
[1543566709.082][DEBUG]: DevTools WebSocket Command: DOM.getDocument (id=8) E4EC7491949695C976258DF998624D83 {

}
[1543566709.082][DEBUG]: DevTools WebSocket Event: Page.domContentEventFired E4EC7491949695C976258DF998624D83 {
   "timestamp": 2313.635719
}
[1543566709.084][DEBUG]: DevTools WebSocket Event: Runtime.executionContextCreated E4EC7491949695C976258DF998624D83 {
   "context": {
      "auxData": {
         "frameId": "E4EC7491949695C976258DF998624D83",
         "isDefault": true,
         "type": "default"
      },
      "id": 1,
      "name": "",
      "origin": "://"
   }
}
[1543566709.084][DEBUG]: DevTools WebSocket Response: Runtime.enable (id=6) E4EC7491949695C976258DF998624D83 {

}
[1543566709.089][DEBUG]: DevTools WebSocket Response: DOM.getDocument (id=7) E4EC7491949695C976258DF998624D83 {
   "root": {
      "backendNodeId": 5,
      "baseURL": "data:,",
      "childNodeCount": 1,
      "children": [ {
         "attributes": [  ],
         "backendNodeId": 6,
         "childNodeCount": 2,
         "children": [ {
            "attributes": [  ],
            "backendNodeId": 7,
            "childNodeCount": 0,
            "localName": "head",
            "nodeId": 7,
            "nodeName": "HEAD",
            "nodeType": 1,
            "nodeValue": "",
            "parentId": 6
         }, {
            "attributes": [  ],
            "backendNodeId": 8,
            "childNodeCount": 0,
            "localName": "body",
            "nodeId": 8,
            "nodeName": "BODY",
            "nodeType": 1,
            "nodeValue": "",
            "parentId": 6
         } ],
         "frameId": "E4EC7491949695C976258DF998624D83",
         "localName": "html",
         "nodeId": 6,
         "nodeName": "HTML",
         "nodeType": 1,
         "nodeValue": "",
         "parentId": 5
      } ],
      "documentURL": "data:,",
      "localName": "",
      "nodeId": 5,
      "nodeName": "#document",
      "nodeType": 9,
      "nodeValue": "",
      "xmlVersion": ""
   }
}
[1543566709.089][DEBUG]: DevTools WebSocket Response: DOM.getDocument (id=8) E4EC7491949695C976258DF998624D83 {
   "root": {
      "backendNodeId": 5,
      "baseURL": "data:,",
      "childNodeCount": 1,
      "children": [ {
         "attributes": [  ],
         "backendNodeId": 6,
         "childNodeCount": 2,
         "children": [ {
            "attributes": [  ],
            "backendNodeId": 7,
            "childNodeCount": 0,
            "localName": "head",
            "nodeId": 11,
            "nodeName": "HEAD",
            "nodeType": 1,
            "nodeValue": "",
            "parentId": 10
         }, {
            "attributes": [  ],
            "backendNodeId": 8,
            "childNodeCount": 0,
            "localName": "body",
            "nodeId": 12,
            "nodeName": "BODY",
            "nodeType": 1,
            "nodeValue": "",
            "parentId": 10
         } ],
         "frameId": "E4EC7491949695C976258DF998624D83",
         "localName": "html",
         "nodeId": 10,
         "nodeName": "HTML",
         "nodeType": 1,
         "nodeValue": "",
         "parentId": 9
      } ],
      "documentURL": "data:,",
      "localName": "",
      "nodeId": 9,
      "nodeName": "#document",
      "nodeType": 9,
      "nodeValue": "",
      "xmlVersion": ""
   }
}
[1543566709.089][DEBUG]: DevTools WebSocket Command: Page.enable (id=9) E4EC7491949695C976258DF998624D83 {

}
[1543566709.090][DEBUG]: DevTools WebSocket Response: Page.enable (id=9) E4EC7491949695C976258DF998624D83 {

}
[1543566709.090][DEBUG]: DevTools WebSocket Command: Runtime.enable (id=10) E4EC7491949695C976258DF998624D83 {

}
[1543566709.091][DEBUG]: DevTools WebSocket Response: Runtime.enable (id=10) E4EC7491949695C976258DF998624D83 {

}
[1543566709.091][DEBUG]: DevTools WebSocket Command: Runtime.evaluate (id=11) E4EC7491949695C976258DF998624D83 {
   "expression": "(function() { // Copyright (c) 2012 The Chromium Authors. All rights reserved.\n// Use of this source code is governed by a BSD-style license that can be\n// found in the LICENSE file.\n\n/**\n * Enum f...",
   "returnByValue": true
}
[1543566709.097][DEBUG]: DevTools WebSocket Response: Runtime.evaluate (id=11) E4EC7491949695C976258DF998624D83 {
   "result": {
      "type": "object",
      "value": {
         "status": 0,
         "value": 1
      }
   }
}
[1543566709.097][INFO]: [65a803b611603b5935fe7665686bdda7] RESPONSE InitSession {
   "acceptInsecureCerts": false,
   "acceptSslCerts": false,
   "applicationCacheEnabled": false,
   "browserConnectionEnabled": false,
   "browserName": "chrome",
   "chrome": {
      "chromedriverVersion": "2.44.609551 (5d576e9a44fe4c5b6a07e568f1ebc753f1214634)",
      "userDataDir": "/tmp/.org.chromium.Chromium.BhxMWE"
   },
   "cssSelectorsEnabled": true,
   "databaseEnabled": false,
   "goog:chromeOptions": {
      "debuggerAddress": "localhost:42575"
   },
   "handlesAlerts": true,
   "hasTouchScreen": false,
   "javascriptEnabled": true,
   "locationContextEnabled": true,
   "mobileEmulationEnabled": false,
   "nativeEvents": true,
   "networkConnectionEnabled": false,
   "pageLoadStrategy": "normal",
   "platform": "Linux",
   "rotatable": false,
   "~~~": "..."
}
[1543566709.099][INFO]: [65a803b611603b5935fe7665686bdda7] COMMAND Navigate {
   "sessionId": "65a803b611603b5935fe7665686bdda7",
   "url": "https://www.uplus.co.kr/css/note/item/RetrieveItemDstrDisc.hpi"
}
[1543566709.099][INFO]: Waiting for pending navigations...
[1543566709.099][DEBUG]: DevTools WebSocket Command: Runtime.evaluate (id=12) E4EC7491949695C976258DF998624D83 {
   "expression": "1"
}
[1543566709.107][DEBUG]: DevTools WebSocket Response: Runtime.evaluate (id=12) E4EC7491949695C976258DF998624D83 {
   "result": {
      "description": "1",
      "type": "number",
      "value": 1
   }
}
[1543566709.107][INFO]: Done waiting for pending navigations. Status: ok
[1543566709.107][DEBUG]: DevTools WebSocket Command: Page.navigate (id=13) E4EC7491949695C976258DF998624D83 {
   "url": "https://www.uplus.co.kr/css/note/item/RetrieveItemDstrDisc.hpi"
}
[1543566709.480][DEBUG]: DevTools WebSocket Response: Page.navigate (id=13) E4EC7491949695C976258DF998624D83 {
   "frameId": "E4EC7491949695C976258DF998624D83",
   "loaderId": "BD6E25F8811F57D0C733735DEF6AB4BD"
}
[1543566709.480][DEBUG]: DevTools WebSocket Command: Runtime.evaluate (id=14) E4EC7491949695C976258DF998624D83 {
   "expression": "document.URL"
}
[1543566709.483][DEBUG]: DevTools WebSocket Event: Runtime.executionContextsCleared E4EC7491949695C976258DF998624D83 {

}
[1543566709.484][DEBUG]: DevTools WebSocket Event: Page.frameStartedLoading E4EC7491949695C976258DF998624D83 {
   "frameId": "E4EC7491949695C976258DF998624D83"
}
[1543566709.500][DEBUG]: DevTools WebSocket Event: Runtime.executionContextsCleared E4EC7491949695C976258DF998624D83 {

}
[1543566709.500][DEBUG]: DevTools WebSocket Event: Page.frameNavigated E4EC7491949695C976258DF998624D83 {
   "frame": {
      "id": "E4EC7491949695C976258DF998624D83",
      "loaderId": "BD6E25F8811F57D0C733735DEF6AB4BD",
      "mimeType": "text/html",
      "securityOrigin": "https://www.uplus.co.kr",
      "url": "https://www.uplus.co.kr/css/note/item/RetrieveItemDstrDisc.hpi"
   }
}
[1543566709.501][DEBUG]: DevTools WebSocket Event: Runtime.executionContextCreated E4EC7491949695C976258DF998624D83 {
   "context": {
      "auxData": {
         "frameId": "E4EC7491949695C976258DF998624D83",
         "isDefault": true,
         "type": "default"
      },
      "id": 1,
      "name": "",
      "origin": "https://www.uplus.co.kr"
   }
}
[1543566709.501][DEBUG]: DevTools WebSocket Event: DOM.documentUpdated E4EC7491949695C976258DF998624D83 {

}
[1543566709.501][DEBUG]: DevTools WebSocket Command: DOM.getDocument (id=15) E4EC7491949695C976258DF998624D83 {

}
[1543566709.504][DEBUG]: DevTools WebSocket Response: Runtime.evaluate (id=14) E4EC7491949695C976258DF998624D83 {
   "result": {
      "type": "string",
      "value": "https://www.uplus.co.kr/css/note/item/RetrieveItemDstrDisc.hpi"
   }
}
[1543566709.505][DEBUG]: DevTools WebSocket Response: DOM.getDocument (id=15) E4EC7491949695C976258DF998624D83 {
   "root": {
      "backendNodeId": 1,
      "baseURL": "https://www.uplus.co.kr/css/note/item/RetrieveItemDstrDisc.hpi",
      "childNodeCount": 0,
      "children": [  ],
      "documentURL": "https://www.uplus.co.kr/css/note/item/RetrieveItemDstrDisc.hpi",
      "localName": "",
      "nodeId": 1,
      "nodeName": "#document",
      "nodeType": 9,
      "nodeValue": "",
      "xmlVersion": ""
   }
}
[1543566709.506][INFO]: Waiting for pending navigations...
[1543566709.506][DEBUG]: DevTools WebSocket Command: Runtime.evaluate (id=16) E4EC7491949695C976258DF998624D83 {
   "expression": "1"
}
[1543566709.526][DEBUG]: DevTools WebSocket Event: DOM.childNodeInserted E4EC7491949695C976258DF998624D83 {
   "node": {
      "backendNodeId": 2,
      "localName": "",
      "nodeId": 2,
      "nodeName": "html",
      "nodeType": 10,
      "nodeValue": "",
      "publicId": "",
      "systemId": ""
   },
   "parentNodeId": 1,
   "previousNodeId": 0
}
[1543566709.527][DEBUG]: DevTools WebSocket Event: DOM.childNodeInserted E4EC7491949695C976258DF998624D83 {
   "node": {
      "attributes": [ "lang", "ko" ],
      "backendNodeId": 3,
      "childNodeCount": 0,
      "frameId": "E4EC7491949695C976258DF998624D83",
      "localName": "html",
      "nodeId": 3,
      "nodeName": "HTML",
      "nodeType": 1,
      "nodeValue": ""
   },
   "parentNodeId": 1,
   "previousNodeId": 2
}
[1543566709.527][DEBUG]: DevTools WebSocket Event: DOM.childNodeCountUpdated E4EC7491949695C976258DF998624D83 {
   "childNodeCount": 1,
   "nodeId": 3
}
[1543566709.527][DEBUG]: DevTools WebSocket Response: Runtime.evaluate (id=16) E4EC7491949695C976258DF998624D83 {
   "result": {
      "description": "1",
      "type": "number",
      "value": 1
   }
}
[1543566709.827][DEBUG]: DevTools WebSocket Event: DOM.childNodeCountUpdated E4EC7491949695C976258DF998624D83 {
   "childNodeCount": 2,
   "nodeId": 3
}
[1543566709.827][DEBUG]: DevTools WebSocket Command: Runtime.evaluate (id=17) E4EC7491949695C976258DF998624D83 {
   "expression": "1"
}
[1543566709.828][DEBUG]: DevTools WebSocket Event: DOM.childNodeCountUpdated E4EC7491949695C976258DF998624D83 {
   "childNodeCount": 1,
   "nodeId": 3
}
[1543566709.828][DEBUG]: DevTools WebSocket Event: DOM.childNodeCountUpdated E4EC7491949695C976258DF998624D83 {
   "childNodeCount": 2,
   "nodeId": 3
}
[1543566709.828][DEBUG]: DevTools WebSocket Event: DOM.childNodeCountUpdated E4EC7491949695C976258DF998624D83 {
   "childNodeCount": 1,
   "nodeId": 3
}
[1543566709.835][DEBUG]: DevTools WebSocket Response: Runtime.evaluate (id=17) E4EC7491949695C976258DF998624D83 {
   "result": {
      "description": "1",
      "type": "number",
      "value": 1
   }
}
[1130/003150.533569:INFO:CONSOLE(21)] "JQMIGRATE: Logging is active", source: https://www.uplus.co.kr/common/renewal/ui/js/cm/jquery-migrate-1.2.1.js (21)
[1543566710.534][DEBUG]: DevTools WebSocket Event: DOM.childNodeCountUpdated E4EC7491949695C976258DF998624D83 {
   "childNodeCount": 2,
   "nodeId": 3
}
[1543566710.534][DEBUG]: DevTools WebSocket Command: Runtime.evaluate (id=18) E4EC7491949695C976258DF998624D83 {
   "expression": "1"
}
[1543566710.534][DEBUG]: DevTools WebSocket Event: DOM.childNodeCountUpdated E4EC7491949695C976258DF998624D83 {
   "childNodeCount": 1,
   "nodeId": 3
}
[1543566710.534][DEBUG]: DevTools WebSocket Event: DOM.childNodeCountUpdated E4EC7491949695C976258DF998624D83 {
   "childNodeCount": 2,
   "nodeId": 3
}
[1543566710.535][DEBUG]: DevTools WebSocket Event: DOM.childNodeCountUpdated E4EC7491949695C976258DF998624D83 {
   "childNodeCount": 1,
   "nodeId": 3
}
[1543566710.535][DEBUG]: DevTools WebSocket Event: DOM.attributeModified E4EC7491949695C976258DF998624D83 {
   "name": "class",
   "nodeId": 3,
   "value": " lguno-ie8compat lgucssgradients lgufontface lgumediaqueries lgubackgroundsize lguborderradius lguboxshadow lguboxsizing lgulastchild"
}
[1543566710.535][DEBUG]: DevTools WebSocket Event: DOM.childNodeCountUpdated E4EC7491949695C976258DF998624D83 {
   "childNodeCount": 2,
   "nodeId": 3
}
[1543566710.535][DEBUG]: DevTools WebSocket Event: DOM.childNodeCountUpdated E4EC7491949695C976258DF998624D83 {
   "childNodeCount": 1,
   "nodeId": 3
}
[1543566710.535][DEBUG]: DevTools WebSocket Event: DOM.childNodeCountUpdated E4EC7491949695C976258DF998624D83 {
   "childNodeCount": 2,
   "nodeId": 3
}
[1543566710.535][DEBUG]: DevTools WebSocket Event: DOM.childNodeCountUpdated E4EC7491949695C976258DF998624D83 {
   "childNodeCount": 1,
   "nodeId": 3
}
[1543566710.535][DEBUG]: DevTools WebSocket Event: Runtime.consoleAPICalled E4EC7491949695C976258DF998624D83 {
   "args": [ {
      "type": "string",
      "value": "JQMIGRATE: Logging is active"
   } ],
   "executionContextId": 1,
   "stackTrace": {
      "callFrames": [ {
         "columnNumber": 16,
         "functionName": "",
         "lineNumber": 20,
         "scriptId": "31",
         "url": "https://www.uplus.co.kr/common/renewal/ui/js/cm/jquery-migrate-1.2.1.js"
      }, {
         "columnNumber": 2,
         "functionName": "",
         "lineNumber": 520,
         "scriptId": "31",
         "url": "https://www.uplus.co.kr/common/renewal/ui/js/cm/jquery-migrate-1.2.1.js"
      } ]
   },
   "timestamp": 1543566710531.065,
   "type": "log"
}
[1543566710.798][DEBUG]: DevTools WebSocket Event: DOM.childNodeCountUpdated E4EC7491949695C976258DF998624D83 {
   "childNodeCount": 2,
   "nodeId": 3
}
[1543566710.798][DEBUG]: DevTools WebSocket Event: Page.frameAttached E4EC7491949695C976258DF998624D83 {
   "frameId": "EE800F1FD47818A06E4C8F4C66D7EEDF",
   "parentFrameId": "E4EC7491949695C976258DF998624D83"
}
[1543566710.843][DEBUG]: DevTools WebSocket Event: Page.frameStartedLoading E4EC7491949695C976258DF998624D83 {
   "frameId": "EE800F1FD47818A06E4C8F4C66D7EEDF"
}
[1543566710.845][DEBUG]: DevTools WebSocket Event: Page.frameAttached E4EC7491949695C976258DF998624D83 {
   "frameId": "839FC3C16CDF13EF7FF12617853838AE",
   "parentFrameId": "E4EC7491949695C976258DF998624D83"
}
[1543566710.856][DEBUG]: DevTools WebSocket Event: Page.frameStartedLoading E4EC7491949695C976258DF998624D83 {
   "frameId": "839FC3C16CDF13EF7FF12617853838AE"
}
[1543566710.865][DEBUG]: DevTools WebSocket Event: DOM.inlineStyleInvalidated E4EC7491949695C976258DF998624D83 {
   "nodeIds": [ 3 ]
}
[1543566711.186][DEBUG]: DevTools WebSocket Response: Runtime.evaluate (id=18) E4EC7491949695C976258DF998624D83 {
   "result": {
      "description": "1",
      "type": "number",
      "value": 1
   }
}
[1543566711.358][DEBUG]: DevTools WebSocket Event: Page.frameNavigated E4EC7491949695C976258DF998624D83 {
   "frame": {
      "id": "EE800F1FD47818A06E4C8F4C66D7EEDF",
      "loaderId": "EB0A852B293621AD3B68BFE3E9128AA1",
      "mimeType": "text/html",
      "name": "sendCookie",
      "parentId": "E4EC7491949695C976258DF998624D83",
      "securityOrigin": "https://www.uplus.co.kr",
      "url": "https://www.uplus.co.kr/home/sendCookie.hpi"
   }
}
[1543566711.358][DEBUG]: DevTools WebSocket Command: Runtime.evaluate (id=19) E4EC7491949695C976258DF998624D83 {
   "expression": "1"
}
[1543566711.359][DEBUG]: DevTools WebSocket Event: Runtime.executionContextCreated E4EC7491949695C976258DF998624D83 {
   "context": {
      "auxData": {
         "frameId": "EE800F1FD47818A06E4C8F4C66D7EEDF",
         "isDefault": true,
         "type": "default"
      },
      "id": 2,
      "name": "",
      "origin": "https://www.uplus.co.kr"
   }
}
[1543566711.384][DEBUG]: DevTools WebSocket Event: Page.frameNavigated E4EC7491949695C976258DF998624D83 {
   "frame": {
      "id": "839FC3C16CDF13EF7FF12617853838AE",
      "loaderId": "431ECA22210976AE19C26662EBF3EFCE",
      "mimeType": "text/html",
      "name": "psSiteMap",
      "parentId": "E4EC7491949695C976258DF998624D83",
      "securityOrigin": "https://www.uplus.co.kr",
      "url": "https://www.uplus.co.kr/sys/comm/PsSiteMap.hpi"
   }
}
[1543566711.384][DEBUG]: DevTools WebSocket Event: Runtime.executionContextCreated E4EC7491949695C976258DF998624D83 {
   "context": {
      "auxData": {
         "frameId": "839FC3C16CDF13EF7FF12617853838AE",
         "isDefault": true,
         "type": "default"
      },
      "id": 3,
      "name": "",
      "origin": "https://www.uplus.co.kr"
   }
}
[1543566711.392][DEBUG]: DevTools WebSocket Response: Runtime.evaluate (id=19) E4EC7491949695C976258DF998624D83 {
   "result": {
      "description": "1",
      "type": "number",
      "value": 1
   }
}
[1543566711.421][DEBUG]: DevTools WebSocket Event: Page.frameStoppedLoading E4EC7491949695C976258DF998624D83 {
   "frameId": "EE800F1FD47818A06E4C8F4C66D7EEDF"
}
[1543566711.421][DEBUG]: DevTools WebSocket Command: Runtime.evaluate (id=20) E4EC7491949695C976258DF998624D83 {
   "expression": "1"
}
[1130/003151.523593:INFO:CONSOLE(41)] "JQMIGRATE: jQuery.fn.attr('checked') may use property instead of attribute", source: https://www.uplus.co.kr/common/renewal/ui/js/cm/jquery-migrate-1.2.1.js (41)
[1543566711.524][DEBUG]: DevTools WebSocket Event: Runtime.consoleAPICalled E4EC7491949695C976258DF998624D83 {
   "args": [ {
      "type": "string",
      "value": "JQMIGRATE: jQuery.fn.attr('checked') may use property instead of attribute"
   } ],
   "executionContextId": 1,
   "stackTrace": {
      "callFrames": [ {
         "columnNumber": 11,
         "functionName": "migrateWarn",
         "lineNumber": 40,
         "scriptId": "31",
         "url": "https://www.uplus.co.kr/common/renewal/ui/js/cm/jquery-migrate-1.2.1.js"
      }, {
         "columnNumber": 3,
         "functionName": "jQuery.attr",
         "lineNumber": 154,
         "scriptId": "31",
         "url": "https://www.uplus.co.kr/common/renewal/ui/js/cm/jquery-migrate-1.2.1.js"
      }, {
         "columnNumber": 4660,
         "functionName": "Y",
         "lineNumber": 2,
         "scriptId": "18",
         "url": "https://www.uplus.co.kr/common/renewal/ui/js/cm/jquery.js"
      }, {
         "columnNumber": 11043,
         "functionName": "attr",
         "lineNumber": 3,
         "scriptId": "18",
         "url": "https://www.uplus.co.kr/common/renewal/ui/js/cm/jquery.js"
      }, {
         "columnNumber": 22,
         "functionName": "",
         "lineNumber": 842,
         "scriptId": "25",
         "url": "https://www.uplus.co.kr/common/renewal/ui/js/cm/ui.js"
      }, {
         "columnNumber": 2880,
         "functionName": "each",
         "lineNumber": 1,
         "scriptId": "18",
         "url": "https://www.uplus.co.kr/common/renewal/ui/js/cm/jquery.js"
      }, {
         "columnNumber": 845,
         "functionName": "each",
         "lineNumber": 1,
         "scriptId": "18",
         "url": "https://www.uplus.co.kr/common/renewal/ui/js/cm/jquery.js"
      }, {
         "columnNumber": 55,
         "functionName": "checkLabel",
         "lineNumber": 841,
         "scriptId": "25",
         "url": "https://www.uplus.co.kr/common/renewal/ui/js/cm/ui.js"
      }, {
         "columnNumber": 8,
         "functionName": "_initCommon",
         "lineNumber": 345,
         "scriptId": "25",
         "url": "https://www.uplus.co.kr/common/renewal/ui/js/cm/ui.js"
      }, {
         "columnNumber": 8,
         "functionName": "init",
         "lineNumber": 297,
         "scriptId": "25",
         "url": "https://www.uplus.co.kr/common/renewal/ui/js/cm/ui.js"
      }, {
         "columnNumber": 7,
         "functionName": "lguUi.comm.view.global",
         "lineNumber": 291,
         "scriptId": "25",
         "url": "https://www.uplus.co.kr/common/renewal/ui/js/cm/ui.js"
      }, {
         "columnNumber": 19,
         "functionName": "",
         "lineNumber": 1707,
         "scriptId": "25",
         "url": "https://www.uplus.co.kr/common/renewal/ui/js/cm/ui.js"
      }, {
         "columnNumber": 27448,
         "functionName": "i",
         "lineNumber": 1,
         "scriptId": "18",
         "url": "https://www.uplus.co.kr/common/renewal/ui/js/cm/jquery.js"
      }, {
         "columnNumber": 28212,
         "functionName": "fireWith",
         "lineNumber": 1,
         "scriptId": "18",
         "url": "https://www.uplus.co.kr/common/renewal/ui/js/cm/jquery.js"
      }, {
         "columnNumber": 30005,
         "functionName": "ready",
         "lineNumber": 1,
         "scriptId": "18",
         "url": "https://www.uplus.co.kr/common/renewal/ui/js/cm/jquery.js"
      }, {
         "columnNumber": 30367,
         "functionName": "K",
         "lineNumber": 1,
         "scriptId": "18",
         "url": "https://www.uplus.co.kr/common/renewal/ui/js/cm/jquery.js"
      } ]
   },
   "timestamp": 1543566711523.215,
   "type": "warning"
}
[1130/003151.544798:INFO:CONSOLE(41)] "JQMIGRATE: jQuery.browser is deprecated", source: https://www.uplus.co.kr/common/renewal/ui/js/cm/jquery-migrate-1.2.1.js (41)
[1543566711.545][DEBUG]: DevTools WebSocket Event: DOM.attributeModified E4EC7491949695C976258DF998624D83 {
   "name": "class",
   "nodeId": 3,
   "value": "lguno-ie8compat lgucssgradients lgufontface lgumediaqueries lgubackgroundsize lguborderradius lguboxshadow lguboxsizing lgulastchild chrome"
}
[1543566711.545][DEBUG]: DevTools WebSocket Event: DOM.attributeModified E4EC7491949695C976258DF998624D83 {
   "name": "class",
   "nodeId": 3,
   "value": "lguno-ie8compat lgucssgradients lgufontface lgumediaqueries lgubackgroundsize lguborderradius lguboxshadow lguboxsizing lgulastchild chrome pcView"
}
[1543566711.546][DEBUG]: DevTools WebSocket Event: Runtime.consoleAPICalled E4EC7491949695C976258DF998624D83 {
   "args": [ {
      "type": "string",
      "value": "JQMIGRATE: jQuery.browser is deprecated"
   } ],
   "executionContextId": 1,
   "stackTrace": {
      "callFrames": [ {
         "columnNumber": 11,
         "functionName": "migrateWarn",
         "lineNumber": 40,
         "scriptId": "31",
         "url": "https://www.uplus.co.kr/common/renewal/ui/js/cm/jquery-migrate-1.2.1.js"
      }, {
         "columnNumber": 5,
         "functionName": "set",
         "lineNumber": 61,
         "scriptId": "31",
         "url": "https://www.uplus.co.kr/common/renewal/ui/js/cm/jquery-migrate-1.2.1.js"
      }, {
         "columnNumber": 17,
         "functionName": "",
         "lineNumber": 123,
         "scriptId": "35",
         "url": "https://www.uplus.co.kr/css/note/item/RetrieveItemDstrDisc.hpi"
      }, {
         "columnNumber": 27448,
         "functionName": "i",
         "lineNumber": 1,
         "scriptId": "18",
         "url": "https://www.uplus.co.kr/common/renewal/ui/js/cm/jquery.js"
      }, {
         "columnNumber": 28212,
         "functionName": "fireWith",
         "lineNumber": 1,
         "scriptId": "18",
         "url": "https://www.uplus.co.kr/common/renewal/ui/js/cm/jquery.js"
      }, {
         "columnNumber": 30005,
         "functionName": "ready",
         "lineNumber": 1,
         "scriptId": "18",
         "url": "https://www.uplus.co.kr/common/renewal/ui/js/cm/jquery.js"
      }, {
         "columnNumber": 30367,
         "functionName": "K",
         "lineNumber": 1,
         "scriptId": "18",
         "url": "https://www.uplus.co.kr/common/renewal/ui/js/cm/jquery.js"
      } ]
   },
   "timestamp": 1543566711544.604,
   "type": "warning"
}
[1130/003151.547727:INFO:CONSOLE(41)] "JQMIGRATE: AJAX events should be attached to document: ajaxStart", source: https://www.uplus.co.kr/common/renewal/ui/js/cm/jquery-migrate-1.2.1.js (41)
[1543566711.548][DEBUG]: DevTools WebSocket Event: Runtime.consoleAPICalled E4EC7491949695C976258DF998624D83 {
   "args": [ {
      "type": "string",
      "value": "JQMIGRATE: AJAX events should be attached to document: ajaxStart"
   } ],
   "executionContextId": 1,
   "stackTrace": {
      "callFrames": [ {
         "columnNumber": 11,
         "functionName": "migrateWarn",
         "lineNumber": 40,
         "scriptId": "31",
         "url": "https://www.uplus.co.kr/common/renewal/ui/js/cm/jquery-migrate-1.2.1.js"
      }, {
         "columnNumber": 2,
         "functionName": "jQuery.event.add",
         "lineNumber": 416,
         "scriptId": "31",
         "url": "https://www.uplus.co.kr/common/renewal/ui/js/cm/jquery-migrate-1.2.1.js"
      }, {
         "columnNumber": 8845,
         "functionName": "",
         "lineNumber": 2,
         "scriptId": "18",
         "url": "https://www.uplus.co.kr/common/renewal/ui/js/cm/jquery.js"
      }, {
         "columnNumber": 2880,
         "functionName": "each",
         "lineNumber": 1,
         "scriptId": "18",
         "url": "https://www.uplus.co.kr/common/renewal/ui/js/cm/jquery.js"
      }, {
         "columnNumber": 845,
         "functionName": "each",
         "lineNumber": 1,
         "scriptId": "18",
         "url": "https://www.uplus.co.kr/common/renewal/ui/js/cm/jquery.js"
      }, {
         "columnNumber": 8821,
         "functionName": "sa",
         "lineNumber": 2,
         "scriptId": "18",
         "url": "https://www.uplus.co.kr/common/renewal/ui/js/cm/jquery.js"
      }, {
         "columnNumber": 18496,
         "functionName": "on",
         "lineNumber": 2,
         "scriptId": "18",
         "url": "https://www.uplus.co.kr/common/renewal/ui/js/cm/jquery.js"
      }, {
         "columnNumber": 29869,
         "functionName": "n.fn.(anonymous function)",
         "lineNumber": 3,
         "scriptId": "18",
         "url": "https://www.uplus.co.kr/common/renewal/ui/js/cm/jquery.js"
      }, {
         "columnNumber": 20,
         "functionName": "",
         "lineNumber": 137,
         "scriptId": "35",
         "url": "https://www.uplus.co.kr/css/note/item/RetrieveItemDstrDisc.hpi"
      }, {
         "columnNumber": 27448,
         "functionName": "i",
         "lineNumber": 1,
         "scriptId": "18",
         "url": "https://www.uplus.co.kr/common/renewal/ui/js/cm/jquery.js"
      }, {
         "columnNumber": 28212,
         "functionName": "fireWith",
         "lineNumber": 1,
         "scriptId": "18",
         "url": "https://www.uplus.co.kr/common/renewal/ui/js/cm/jquery.js"
      }, {
         "columnNumber": 30005,
         "functionName": "ready",
         "lineNumber": 1,
         "scriptId": "18",
         "url": "https://www.uplus.co.kr/common/renewal/ui/js/cm/jquery.js"
      }, {
         "columnNumber": 30367,
         "functionName": "K",
         "lineNumber": 1,
         "scriptId": "18",
         "url": "https://www.uplus.co.kr/common/renewal/ui/js/cm/jquery.js"
      } ]
   },
   "timestamp": 1543566711545.899,
   "type": "warning"
}
[1130/003151.548834:INFO:CONSOLE(41)] "JQMIGRATE: AJAX events should be attached to document: ajaxStop", source: https://www.uplus.co.kr/common/renewal/ui/js/cm/jquery-migrate-1.2.1.js (41)
[1543566711.549][DEBUG]: DevTools WebSocket Event: Runtime.consoleAPICalled E4EC7491949695C976258DF998624D83 {
   "args": [ {
      "type": "string",
      "value": "JQMIGRATE: AJAX events should be attached to document: ajaxStop"
   } ],
   "executionContextId": 1,
   "stackTrace": {
      "callFrames": [ {
         "columnNumber": 11,
         "functionName": "migrateWarn",
         "lineNumber": 40,
         "scriptId": "31",
         "url": "https://www.uplus.co.kr/common/renewal/ui/js/cm/jquery-migrate-1.2.1.js"
      }, {
         "columnNumber": 2,
         "functionName": "jQuery.event.add",
         "lineNumber": 416,
         "scriptId": "31",
         "url": "https://www.uplus.co.kr/common/renewal/ui/js/cm/jquery-migrate-1.2.1.js"
      }, {
         "columnNumber": 8845,
         "functionName": "",
         "lineNumber": 2,
         "scriptId": "18",
         "url": "https://www.uplus.co.kr/common/renewal/ui/js/cm/jquery.js"
      }, {
         "columnNumber": 2880,
         "functionName": "each",
         "lineNumber": 1,
         "scriptId": "18",
         "url": "https://www.uplus.co.kr/common/renewal/ui/js/cm/jquery.js"
      }, {
         "columnNumber": 845,
         "functionName": "each",
         "lineNumber": 1,
         "scriptId": "18",
         "url": "https://www.uplus.co.kr/common/renewal/ui/js/cm/jquery.js"
      }, {
         "columnNumber": 8821,
         "functionName": "sa",
         "lineNumber": 2,
         "scriptId": "18",
         "url": "https://www.uplus.co.kr/common/renewal/ui/js/cm/jquery.js"
      }, {
         "columnNumber": 18496,
         "functionName": "on",
         "lineNumber": 2,
         "scriptId": "18",
         "url": "https://www.uplus.co.kr/common/renewal/ui/js/cm/jquery.js"
      }, {
         "columnNumber": 29869,
         "functionName": "n.fn.(anonymous function)",
         "lineNumber": 3,
         "scriptId": "18",
         "url": "https://www.uplus.co.kr/common/renewal/ui/js/cm/jquery.js"
      }, {
         "columnNumber": 5,
         "functionName": "",
         "lineNumber": 141,
         "scriptId": "35",
         "url": "https://www.uplus.co.kr/css/note/item/RetrieveItemDstrDisc.hpi"
      }, {
         "columnNumber": 27448,
         "functionName": "i",
         "lineNumber": 1,
         "scriptId": "18",
         "url": "https://www.uplus.co.kr/common/renewal/ui/js/cm/jquery.js"
      }, {
         "columnNumber": 28212,
         "functionName": "fireWith",
         "lineNumber": 1,
         "scriptId": "18",
         "url": "https://www.uplus.co.kr/common/renewal/ui/js/cm/jquery.js"
      }, {
         "columnNumber": 30005,
         "functionName": "ready",
         "lineNumber": 1,
         "scriptId": "18",
         "url": "https://www.uplus.co.kr/common/renewal/ui/js/cm/jquery.js"
      }, {
         "columnNumber": 30367,
         "functionName": "K",
         "lineNumber": 1,
         "scriptId": "18",
         "url": "https://www.uplus.co.kr/common/renewal/ui/js/cm/jquery.js"
      } ]
   },
   "timestamp": 1543566711548.6592,
   "type": "warning"
}
[1130/003151.549733:INFO:CONSOLE(41)] "JQMIGRATE: AJAX events should be attached to document: ajaxError", source: https://www.uplus.co.kr/common/renewal/ui/js/cm/jquery-migrate-1.2.1.js (41)
[1543566711.550][DEBUG]: DevTools WebSocket Event: Runtime.consoleAPICalled E4EC7491949695C976258DF998624D83 {
   "args": [ {
      "type": "string",
      "value": "JQMIGRATE: AJAX events should be attached to document: ajaxError"
   } ],
   "executionContextId": 1,
   "stackTrace": {
      "callFrames": [ {
         "columnNumber": 11,
         "functionName": "migrateWarn",
         "lineNumber": 40,
         "scriptId": "31",
         "url": "https://www.uplus.co.kr/common/renewal/ui/js/cm/jquery-migrate-1.2.1.js"
      }, {
         "columnNumber": 2,
         "functionName": "jQuery.event.add",
         "lineNumber": 416,
         "scriptId": "31",
         "url": "https://www.uplus.co.kr/common/renewal/ui/js/cm/jquery-migrate-1.2.1.js"
      }, {
         "columnNumber": 8845,
         "functionName": "",
         "lineNumber": 2,
         "scriptId": "18",
         "url": "https://www.uplus.co.kr/common/renewal/ui/js/cm/jquery.js"
      }, {
         "columnNumber": 2880,
         "functionName": "each",
         "lineNumber": 1,
         "scriptId": "18",
         "url": "https://www.uplus.co.kr/common/renewal/ui/js/cm/jquery.js"
      }, {
         "columnNumber": 845,
         "functionName": "each",
         "lineNumber": 1,
         "scriptId": "18",
         "url": "https://www.uplus.co.kr/common/renewal/ui/js/cm/jquery.js"
      }, {
         "columnNumber": 8821,
         "functionName": "sa",
         "lineNumber": 2,
         "scriptId": "18",
         "url": "https://www.uplus.co.kr/common/renewal/ui/js/cm/jquery.js"
      }, {
         "columnNumber": 18496,
         "functionName": "on",
         "lineNumber": 2,
         "scriptId": "18",
         "url": "https://www.uplus.co.kr/common/renewal/ui/js/cm/jquery.js"
      }, {
         "columnNumber": 29869,
         "functionName": "n.fn.(anonymous function)",
         "lineNumber": 3,
         "scriptId": "18",
         "url": "https://www.uplus.co.kr/common/renewal/ui/js/cm/jquery.js"
      }, {
         "columnNumber": 5,
         "functionName": "",
         "lineNumber": 143,
         "scriptId": "35",
         "url": "https://www.uplus.co.kr/css/note/item/RetrieveItemDstrDisc.hpi"
      }, {
         "columnNumber": 27448,
         "functionName": "i",
         "lineNumber": 1,
         "scriptId": "18",
         "url": "https://www.uplus.co.kr/common/renewal/ui/js/cm/jquery.js"
      }, {
         "columnNumber": 28212,
         "functionName": "fireWith",
         "lineNumber": 1,
         "scriptId": "18",
         "url": "https://www.uplus.co.kr/common/renewal/ui/js/cm/jquery.js"
      }, {
         "columnNumber": 30005,
         "functionName": "ready",
         "lineNumber": 1,
         "scriptId": "18",
         "url": "https://www.uplus.co.kr/common/renewal/ui/js/cm/jquery.js"
      }, {
         "columnNumber": 30367,
         "functionName": "K",
         "lineNumber": 1,
         "scriptId": "18",
         "url": "https://www.uplus.co.kr/common/renewal/ui/js/cm/jquery.js"
      } ]
   },
   "timestamp": 1543566711549.5952,
   "type": "warning"
}
[1130/003151.564115:INFO:CONSOLE(41)] "JQMIGRATE: jQuery.fn.live() is deprecated", source: https://www.uplus.co.kr/common/renewal/ui/js/cm/jquery-migrate-1.2.1.js (41)
[1543566711.565][DEBUG]: DevTools WebSocket Event: Runtime.consoleAPICalled E4EC7491949695C976258DF998624D83 {
   "args": [ {
      "type": "string",
      "value": "JQMIGRATE: jQuery.fn.live() is deprecated"
   } ],
   "executionContextId": 1,
   "stackTrace": {
      "callFrames": [ {
         "columnNumber": 11,
         "functionName": "migrateWarn",
         "lineNumber": 40,
         "scriptId": "31",
         "url": "https://www.uplus.co.kr/common/renewal/ui/js/cm/jquery-migrate-1.2.1.js"
      }, {
         "columnNumber": 1,
         "functionName": "jQuery.fn.live",
         "lineNumber": 470,
         "scriptId": "31",
         "url": "https://www.uplus.co.kr/common/renewal/ui/js/cm/jquery-migrate-1.2.1.js"
      }, {
         "columnNumber": 32,
         "functionName": "",
         "lineNumber": 469,
         "scriptId": "53",
         "url": "https://www.uplus.co.kr/css/note/item/RetrieveItemDstrDisc.hpi"
      }, {
         "columnNumber": 27448,
         "functionName": "i",
         "lineNumber": 1,
         "scriptId": "18",
         "url": "https://www.uplus.co.kr/common/renewal/ui/js/cm/jquery.js"
      }, {
         "columnNumber": 28212,
         "functionName": "fireWith",
         "lineNumber": 1,
         "scriptId": "18",
         "url": "https://www.uplus.co.kr/common/renewal/ui/js/cm/jquery.js"
      }, {
         "columnNumber": 30005,
         "functionName": "ready",
         "lineNumber": 1,
         "scriptId": "18",
         "url": "https://www.uplus.co.kr/common/renewal/ui/js/cm/jquery.js"
      }, {
         "columnNumber": 30367,
         "functionName": "K",
         "lineNumber": 1,
         "scriptId": "18",
         "url": "https://www.uplus.co.kr/common/renewal/ui/js/cm/jquery.js"
      } ]
   },
   "timestamp": 1543566711563.9219,
   "type": "warning"
}
[1543566711.609][DEBUG]: DevTools WebSocket Event: DOM.documentUpdated E4EC7491949695C976258DF998624D83 {

}
[1543566711.609][DEBUG]: DevTools WebSocket Command: DOM.getDocument (id=21) E4EC7491949695C976258DF998624D83 {

}
[1543566711.609][DEBUG]: DevTools WebSocket Event: Page.domContentEventFired E4EC7491949695C976258DF998624D83 {
   "timestamp": 2316.163746
}
[1130/003151.656491:INFO:CONSOLE(21)] "JQMIGRATE: Logging is active", source: https://www.uplus.co.kr/common/renewal/ui/js/cm/jquery-migrate-1.2.1.js (21)
[1543566711.657][DEBUG]: DevTools WebSocket Event: Runtime.consoleAPICalled E4EC7491949695C976258DF998624D83 {
   "args": [ {
      "type": "string",
      "value": "JQMIGRATE: Logging is active"
   } ],
   "executionContextId": 3,
   "stackTrace": {
      "callFrames": [ {
         "columnNumber": 16,
         "functionName": "",
         "lineNumber": 20,
         "scriptId": "31",
         "url": "https://www.uplus.co.kr/common/renewal/ui/js/cm/jquery-migrate-1.2.1.js"
      }, {
         "columnNumber": 2,
         "functionName": "",
         "lineNumber": 520,
         "scriptId": "31",
         "url": "https://www.uplus.co.kr/common/renewal/ui/js/cm/jquery-migrate-1.2.1.js"
      } ]
   },
   "timestamp": 1543566711656.378,
   "type": "log"
}
[1130/003151.657178:INFO:CONSOLE(41)] "JQMIGRATE: jQuery is not compatible with Quirks Mode", source: https://www.uplus.co.kr/common/renewal/ui/js/cm/jquery-migrate-1.2.1.js (41)
[1543566711.657][DEBUG]: DevTools WebSocket Event: Runtime.consoleAPICalled E4EC7491949695C976258DF998624D83 {
   "args": [ {
      "type": "string",
      "value": "JQMIGRATE: jQuery is not compatible with Quirks Mode"
   } ],
   "executionContextId": 3,
   "stackTrace": {
      "callFrames": [ {
         "columnNumber": 11,
         "functionName": "migrateWarn",
         "lineNumber": 40,
         "scriptId": "31",
         "url": "https://www.uplus.co.kr/common/renewal/ui/js/cm/jquery-migrate-1.2.1.js"
      }, {
         "columnNumber": 1,
         "functionName": "",
         "lineNumber": 78,
         "scriptId": "31",
         "url": "https://www.uplus.co.kr/common/renewal/ui/js/cm/jquery-migrate-1.2.1.js"
      }, {
         "columnNumber": 2,
         "functionName": "",
         "lineNumber": 520,
         "scriptId": "31",
         "url": "https://www.uplus.co.kr/common/renewal/ui/js/cm/jquery-migrate-1.2.1.js"
      } ]
   },
   "timestamp": 1543566711657.0698,
   "type": "warning"
}
[1130/003151.739301:INFO:CONSOLE(41)] "JQMIGRATE: jQuery.browser is deprecated", source: https://www.uplus.co.kr/common/renewal/ui/js/cm/jquery-migrate-1.2.1.js (41)
[1543566711.740][DEBUG]: DevTools WebSocket Event: Runtime.consoleAPICalled E4EC7491949695C976258DF998624D83 {
   "args": [ {
      "type": "string",
      "value": "JQMIGRATE: jQuery.browser is deprecated"
   } ],
   "executionContextId": 3,
   "stackTrace": {
      "callFrames": [ {
         "columnNumber": 11,
         "functionName": "migrateWarn",
         "lineNumber": 40,
         "scriptId": "31",
         "url": "https://www.uplus.co.kr/common/renewal/ui/js/cm/jquery-migrate-1.2.1.js"
      }, {
         "columnNumber": 5,
         "functionName": "set",
         "lineNumber": 61,
         "scriptId": "31",
         "url": "https://www.uplus.co.kr/common/renewal/ui/js/cm/jquery-migrate-1.2.1.js"
      }, {
         "columnNumber": 17,
         "functionName": "",
         "lineNumber": 119,
         "scriptId": "79",
         "url": "https://www.uplus.co.kr/sys/comm/PsSiteMap.hpi"
      }, {
         "columnNumber": 27448,
         "functionName": "i",
         "lineNumber": 1,
         "scriptId": "18",
         "url": "https://www.uplus.co.kr/common/renewal/ui/js/cm/jquery.js"
      }, {
         "columnNumber": 28212,
         "functionName": "fireWith",
         "lineNumber": 1,
         "scriptId": "18",
         "url": "https://www.uplus.co.kr/common/renewal/ui/js/cm/jquery.js"
      }, {
         "columnNumber": 30005,
         "functionName": "ready",
         "lineNumber": 1,
         "scriptId": "18",
         "url": "https://www.uplus.co.kr/common/renewal/ui/js/cm/jquery.js"
      }, {
         "columnNumber": 30367,
         "functionName": "K",
         "lineNumber": 1,
         "scriptId": "18",
         "url": "https://www.uplus.co.kr/common/renewal/ui/js/cm/jquery.js"
      } ]
   },
   "timestamp": 1543566711739.126,
   "type": "warning"
}
[1543566711.759][DEBUG]: DevTools WebSocket Response: Runtime.evaluate (id=20) E4EC7491949695C976258DF998624D83 {
   "result": {
      "description": "1",
      "type": "number",
      "value": 1
   }
}
[1543566711.769][DEBUG]: DevTools WebSocket Response: DOM.getDocument (id=21) E4EC7491949695C976258DF998624D83 {
   "root": {
      "backendNodeId": 1,
      "baseURL": "https://www.uplus.co.kr/css/note/item/RetrieveItemDstrDisc.hpi",
      "childNodeCount": 2,
      "children": [ {
         "backendNodeId": 2,
         "localName": "",
         "nodeId": 5,
         "nodeName": "html",
         "nodeType": 10,
         "nodeValue": "",
         "parentId": 4,
         "publicId": "",
         "systemId": ""
      }, {
         "attributes": [ "lang", "ko", "style", "", "class", "lguno-ie8compat lgucssgradients lgufontface lgumediaqueries lgubackgroundsize lguborderradius lguboxshadow lguboxsizing lgulastchild chrome pcView" ],
         "backendNodeId": 3,
         "childNodeCount": 2,
         "children": [ {
            "attributes": [  ],
            "backendNodeId": 4,
            "childNodeCount": 82,
            "localName": "head",
            "nodeId": 7,
            "nodeName": "HEAD",
            "nodeType": 1,
            "nodeValue": "",
            "parentId": 6
         }, {
            "attributes": [  ],
            "backendNodeId": 5,
            "childNodeCount": 1,
            "localName": "body",
            "nodeId": 8,
            "nodeName": "BODY",
            "nodeType": 1,
            "nodeValue": "",
            "parentId": 6
         } ],
         "frameId": "E4EC7491949695C976258DF998624D83",
         "localName": "html",
         "nodeId": 6,
         "nodeName": "HTML",
         "nodeType": 1,
         "nodeValue": "",
         "parentId": 4
      } ],
      "documentURL": "https://www.uplus.co.kr/css/note/item/RetrieveItemDstrDisc.hpi",
      "localName": "",
      "nodeId": 4,
      "nodeName": "#document",
      "nodeType": 9,
      "nodeValue": "",
      "xmlVersion": ""
   }
}
[1543566711.776][DEBUG]: DevTools WebSocket Event: DOM.childNodeInserted E4EC7491949695C976258DF998624D83 {
   "node": {
      "attributes": [  ],
      "backendNodeId": 6,
      "childNodeCount": 0,
      "localName": "div",
      "nodeId": 9,
      "nodeName": "DIV",
      "nodeType": 1,
      "nodeValue": ""
   },
   "parentNodeId": 6,
   "previousNodeId": 8
}
[1543566711.776][DEBUG]: DevTools WebSocket Command: Runtime.evaluate (id=22) E4EC7491949695C976258DF998624D83 {
   "expression": "1"
}
[1543566711.776][DEBUG]: DevTools WebSocket Event: DOM.attributeModified E4EC7491949695C976258DF998624D83 {
   "name": "id",
   "nodeId": 9,
   "value": "sizzle1543566709803"
}
[1543566711.777][DEBUG]: DevTools WebSocket Event: DOM.childNodeRemoved E4EC7491949695C976258DF998624D83 {
   "nodeId": 9,
   "parentNodeId": 6
}
[1543566711.777][DEBUG]: DevTools WebSocket Event: DOM.childNodeInserted E4EC7491949695C976258DF998624D83 {
   "node": {
      "attributes": [  ],
      "backendNodeId": 7,
      "childNodeCount": 0,
      "localName": "div",
      "nodeId": 10,
      "nodeName": "DIV",
      "nodeType": 1,
      "nodeValue": ""
   },
   "parentNodeId": 6,
   "previousNodeId": 8
}
[1543566711.777][DEBUG]: DevTools WebSocket Event: DOM.childNodeCountUpdated E4EC7491949695C976258DF998624D83 {
   "childNodeCount": 1,
   "nodeId": 10
}
[1543566711.777][DEBUG]: DevTools WebSocket Event: DOM.childNodeCountUpdated E4EC7491949695C976258DF998624D83 {
   "childNodeCount": 2,
   "nodeId": 10
}
[1543566711.777][DEBUG]: DevTools WebSocket Event: DOM.childNodeRemoved E4EC7491949695C976258DF998624D83 {
   "nodeId": 10,
   "parentNodeId": 6
}
[1543566711.831][DEBUG]: DevTools WebSocket Event: Page.frameStoppedLoading E4EC7491949695C976258DF998624D83 {
   "frameId": "839FC3C16CDF13EF7FF12617853838AE"
}
[1543566711.834][DEBUG]: DevTools WebSocket Response: Runtime.evaluate (id=22) E4EC7491949695C976258DF998624D83 {
   "result": {
      "description": "1",
      "type": "number",
      "value": 1
   }
}
[1130/003151.836021:INFO:CONSOLE(41)] "JQMIGRATE: $(html) HTML strings must start with '<' character", source: https://www.uplus.co.kr/common/renewal/ui/js/cm/jquery-migrate-1.2.1.js (41)
[1543566711.839][DEBUG]: DevTools WebSocket Event: Runtime.consoleAPICalled E4EC7491949695C976258DF998624D83 {
   "args": [ {
      "type": "string",
      "value": "JQMIGRATE: $(html) HTML strings must start with '\u003C' character"
   } ],
   "executionContextId": 1,
   "stackTrace": {
      "callFrames": [ {
         "columnNumber": 11,
         "functionName": "migrateWarn",
         "lineNumber": 40,
         "scriptId": "31",
         "url": "https://www.uplus.co.kr/common/renewal/ui/js/cm/jquery-migrate-1.2.1.js"
      }, {
         "columnNumber": 3,
         "functionName": "jQuery.fn.init",
         "lineNumber": 203,
         "scriptId": "31",
         "url": "https://www.uplus.co.kr/common/renewal/ui/js/cm/jquery-migrate-1.2.1.js"
      }, {
         "columnNumber": 405,
         "functionName": "n",
         "lineNumber": 1,
         "scriptId": "18",
         "url": "https://www.uplus.co.kr/common/renewal/ui/js/cm/jquery.js"
      }, {
         "columnNumber": 16,
         "functionName": "pcMode",
         "lineNumber": 3457,
         "scriptId": "51",
         "url": "https://www.uplus.co.kr/common/js/chatbot/ui_chatbot.js"
      }, {
         "columnNumber": 3,
         "functionName": "",
         "lineNumber": 3635,
         "scriptId": "51",
         "url": "https://www.uplus.co.kr/common/js/chatbot/ui_chatbot.js"
      } ]
   },
   "timestamp": 1543566711835.655,
   "type": "warning"
}
[1543566711.839][DEBUG]: DevTools WebSocket Command: Runtime.evaluate (id=23) E4EC7491949695C976258DF998624D83 {
   "expression": "1"
}
[1543566711.873][DEBUG]: DevTools WebSocket Response: Runtime.evaluate (id=23) E4EC7491949695C976258DF998624D83 {
   "result": {
      "description": "1",
      "type": "number",
      "value": 1
   }
}
[1543566712.759][DEBUG]: DevTools WebSocket Event: DOM.childNodeCountUpdated E4EC7491949695C976258DF998624D83 {
   "childNodeCount": 2,
   "nodeId": 8
}
[1543566712.759][DEBUG]: DevTools WebSocket Command: Runtime.evaluate (id=24) E4EC7491949695C976258DF998624D83 {
   "expression": "1"
}
[1543566712.759][DEBUG]: DevTools WebSocket Event: Page.loadEventFired E4EC7491949695C976258DF998624D83 {
   "timestamp": 2317.311966
}
[1543566712.759][DEBUG]: DevTools WebSocket Event: Page.frameStoppedLoading E4EC7491949695C976258DF998624D83 {
   "frameId": "E4EC7491949695C976258DF998624D83"
}
[1543566712.763][DEBUG]: DevTools WebSocket Response: Runtime.evaluate (id=24) E4EC7491949695C976258DF998624D83 {
   "result": {
      "description": "1",
      "type": "number",
      "value": 1
   }
}
[1543566712.763][INFO]: Done waiting for pending navigations. Status: ok
[1543566712.763][INFO]: [65a803b611603b5935fe7665686bdda7] RESPONSE Navigate
[1130/003156.511601:INFO:CONSOLE(41)] "JQMIGRATE: jQuery.fn.toggle(handler, handler...) is deprecated", source: https://www.uplus.co.kr/common/renewal/ui/js/cm/jquery-migrate-1.2.1.js (41)
